AutoECO Error Report
FILE-A: C:\ORCAD\ORCAD_10.5\TOOLS\LAYOUT_PLUS\DATA\_DEFAULT.TCH
FILE-B: C:\USERS\SIMO\DESKTOP\DRON2\DRONE.MNL
ERROR: Electrical package AXDL345 for comp U15 has at least one pin (SCL)                        
which has no corresponding pin on footprint ADXL.                        
You may create or modify a footprint, choose another,                        
or press Cancel at the main dialog to skip this component.
ERROR: Pin "GND" in package AXDL345 wasn't defined by footprint ADXL
ERROR: Pin "VCC" in package AXDL345 wasn't defined by footprint ADXL
ERROR: Pin "CS" in package AXDL345 wasn't defined by footprint ADXL
ERROR: Pin "INT1" in package AXDL345 wasn't defined by footprint ADXL
ERROR: Pin "INT2" in package AXDL345 wasn't defined by footprint ADXL
ERROR: Pin "SDO" in package AXDL345 wasn't defined by footprint ADXL
ERROR: Pin "SDA" in package AXDL345 wasn't defined by footprint ADXL
ERROR: Pin "SCL" in package AXDL345 wasn't defined by footprint ADXL
ERROR: Pin "VCC" in package NRF24L01 wasn't defined by footprint NRF
ERROR: Pin "GND" in package NRF24L01 wasn't defined by footprint NRF
ERROR: Pin "CE" in package NRF24L01 wasn't defined by footprint NRF
ERROR: Pin "SCK" in package NRF24L01 wasn't defined by footprint NRF
ERROR: Pin "MISO" in package NRF24L01 wasn't defined by footprint NRF
ERROR: Pin "IRQ" in package NRF24L01 wasn't defined by footprint NRF
ERROR: Pin "MOSI" in package NRF24L01 wasn't defined by footprint NRF
ERROR: Pin "CSN" in package NRF24L01 wasn't defined by footprint NRF
ERROR: No footprint found for comp U18
ERROR: No footprint found for comp U19
ERROR: No footprint found for comp U20
ERROR: No footprint found for comp U17
Unable to complete ECO due to errors
20 errors found
