AutoECO Report
FILE-A: C:\ORCAD\ORCAD_10.5\TOOLS\LAYOUT_PLUS\DATA\_DEFAULT.TCH
FILE-B: C:\USERS\SIMO\DESKTOP\DRON2\DRONE.MNL
If "*EOF*" immediately follows, no changes were made
Adding footprint ADXL
ERROR: Pin "GND" in package AXDL345 wasn't defined by footprint ADXL
ERROR: Pin "VCC" in package AXDL345 wasn't defined by footprint ADXL
ERROR: Pin "CS" in package AXDL345 wasn't defined by footprint ADXL
ERROR: Pin "INT1" in package AXDL345 wasn't defined by footprint ADXL
ERROR: Pin "INT2" in package AXDL345 wasn't defined by footprint ADXL
ERROR: Pin "SDO" in package AXDL345 wasn't defined by footprint ADXL
ERROR: Pin "SDA" in package AXDL345 wasn't defined by footprint ADXL
ERROR: Pin "SCL" in package AXDL345 wasn't defined by footprint ADXL
Adding footprint ARDUINO
Adding footprint NRF
ERROR: Pin "VCC" in package NRF24L01 wasn't defined by footprint NRF
ERROR: Pin "GND" in package NRF24L01 wasn't defined by footprint NRF
ERROR: Pin "CE" in package NRF24L01 wasn't defined by footprint NRF
ERROR: Pin "SCK" in package NRF24L01 wasn't defined by footprint NRF
ERROR: Pin "MISO" in package NRF24L01 wasn't defined by footprint NRF
ERROR: Pin "IRQ" in package NRF24L01 wasn't defined by footprint NRF
ERROR: Pin "MOSI" in package NRF24L01 wasn't defined by footprint NRF
ERROR: Pin "CSN" in package NRF24L01 wasn't defined by footprint NRF
Adding package AXDL345
Adding package DRIVERS2
Adding package A000005_3
Adding package NRF24L01
Adding component U15
Adding component U18
ERROR: No footprint found for comp U18
Adding component U19
ERROR: No footprint found for comp U19
Adding component U1
Adding component U16
Adding component U20
ERROR: No footprint found for comp U20
Adding component U17
ERROR: No footprint found for comp U17
*EOF*
Unable to complete ECO due to errors
20 errors found
