Wed May 13 00:32:53 UserDiv from Layout.INI for AutoECO: 60
Wed May 13 00:32:53 Loaded file C:\ORCAD\ORCAD_10.5\TOOLS\LAYOUT_PLUS\DATA\_DEFAULT.TCH
Wed May 13 00:32:53 Loaded file C:\USERS\SIMO\DESKTOP\DRON\DRON.LLB
Wed May 13 00:32:53 Loaded file C:\USERS\SIMO\DESKTOP\LIB\LIB\ELEMENTS.LLB
Wed May 13 00:32:53 Loaded file C:\USERS\SIMO\DESKTOP\LIB\PROJECT.LLB
Wed May 13 00:32:53 Loaded file C:\USERS\SIMO\DESKTOP\LAYOUT_PLUS_LIB\CAP_ASS.LLB
Wed May 13 00:32:53 Loaded file C:\USERS\SIMO\DESKTOP\LAYOUT_PLUS_LIB\CAP_RAD.LLB
Wed May 13 00:32:53 Loaded file C:\USERS\SIMO\DESKTOP\LAYOUT_PLUS_LIB\CONN_COAX.LLB
Wed May 13 00:32:53 Loaded file C:\USERS\SIMO\DESKTOP\LAYOUT_PLUS_LIB\CONN_DIN.LLB
Wed May 13 00:32:53 Loaded file C:\USERS\SIMO\DESKTOP\LAYOUT_PLUS_LIB\CONN_DSUB.LLB
Wed May 13 00:32:53 Loaded file C:\USERS\SIMO\DESKTOP\LAYOUT_PLUS_LIB\CONN_STRIP.LLB
Wed May 13 00:32:53 Loaded file C:\USERS\SIMO\DESKTOP\LAYOUT_PLUS_LIB\DEVICE.LLB
Wed May 13 00:32:53 Loaded file C:\USERS\SIMO\DESKTOP\LAYOUT_PLUS_LIB\DIODE.LLB
Wed May 13 00:32:53 Loaded file C:\USERS\SIMO\DESKTOP\LAYOUT_PLUS_LIB\DIP.LLB
Wed May 13 00:32:53 Loaded file C:\USERS\SIMO\DESKTOP\LAYOUT_PLUS_LIB\INDUTTORI.LLB
Wed May 13 00:32:53 Loaded file C:\USERS\SIMO\DESKTOP\LAYOUT_PLUS_LIB\MORSETTIERE.LLB
Wed May 13 00:32:53 Loaded file C:\USERS\SIMO\DESKTOP\LAYOUT_PLUS_LIB\OPTOELETTRONICA.LLB
Wed May 13 00:32:53 Loaded file C:\USERS\SIMO\DESKTOP\LAYOUT_PLUS_LIB\PLCCNEW.LLB
Wed May 13 00:32:53 Loaded file C:\USERS\SIMO\DESKTOP\LAYOUT_PLUS_LIB\PQFP.LLB
Wed May 13 00:32:53 Loaded file C:\USERS\SIMO\DESKTOP\LAYOUT_PLUS_LIB\QUARZI.LLB
Wed May 13 00:32:53 Loaded file C:\USERS\SIMO\DESKTOP\LAYOUT_PLUS_LIB\RELAYNEW.LLB
Wed May 13 00:32:53 Loaded file C:\USERS\SIMO\DESKTOP\LAYOUT_PLUS_LIB\RESIST.LLB
Wed May 13 00:32:53 Loaded file C:\USERS\SIMO\DESKTOP\LAYOUT_PLUS_LIB\SHEET01.LLB
Wed May 13 00:32:53 Loaded file C:\USERS\SIMO\DESKTOP\LAYOUT_PLUS_LIB\SHEET02.LLB
Wed May 13 00:32:53 Loaded file C:\USERS\SIMO\DESKTOP\LAYOUT_PLUS_LIB\SHEET03.LLB
Wed May 13 00:32:53 Loaded file C:\USERS\SIMO\DESKTOP\LAYOUT_PLUS_LIB\SHEET04.LLB
Wed May 13 00:32:53 Loaded file C:\USERS\SIMO\DESKTOP\LAYOUT_PLUS_LIB\SHEET05.LLB
Wed May 13 00:32:53 Loaded file C:\USERS\SIMO\DESKTOP\LAYOUT_PLUS_LIB\SHEET06.LLB
Wed May 13 00:32:53 Loaded file C:\USERS\SIMO\DESKTOP\LAYOUT_PLUS_LIB\SHEET08.LLB
Wed May 13 00:32:53 Loaded file C:\USERS\SIMO\DESKTOP\LAYOUT_PLUS_LIB\SHEET09.LLB
Wed May 13 00:32:53 Loaded file C:\USERS\SIMO\DESKTOP\LAYOUT_PLUS_LIB\SHEET10.LLB
Wed May 13 00:32:53 Loaded file C:\USERS\SIMO\DESKTOP\LAYOUT_PLUS_LIB\SHEET11.LLB
Wed May 13 00:32:53 Loaded file C:\USERS\SIMO\DESKTOP\LAYOUT_PLUS_LIB\SHEET12.LLB
Wed May 13 00:32:53 Loaded file C:\USERS\SIMO\DESKTOP\LAYOUT_PLUS_LIB\SHEET13.LLB
Wed May 13 00:32:53 Loaded file C:\USERS\SIMO\DESKTOP\LAYOUT_PLUS_LIB\SHEET14.LLB
Wed May 13 00:32:53 Loaded file C:\USERS\SIMO\DESKTOP\LAYOUT_PLUS_LIB\SHEET15.LLB
Wed May 13 00:32:53 Loaded file C:\USERS\SIMO\DESKTOP\LAYOUT_PLUS_LIB\SHEET16.LLB
Wed May 13 00:32:53 Loaded file C:\USERS\SIMO\DESKTOP\LAYOUT_PLUS_LIB\SHEET17.LLB
Wed May 13 00:32:53 Loaded file C:\USERS\SIMO\DESKTOP\LAYOUT_PLUS_LIB\SHEET18.LLB
Wed May 13 00:32:53 Loaded file C:\USERS\SIMO\DESKTOP\LAYOUT_PLUS_LIB\SHEET19.LLB
Wed May 13 00:32:53 Loaded file C:\USERS\SIMO\DESKTOP\LAYOUT_PLUS_LIB\SHEET20.LLB
Wed May 13 00:32:53 Loaded file C:\USERS\SIMO\DESKTOP\LAYOUT_PLUS_LIB\SHEET21.LLB
Wed May 13 00:32:53 Loaded file C:\USERS\SIMO\DESKTOP\LAYOUT_PLUS_LIB\SHEET22.LLB
Wed May 13 00:32:53 Loaded file C:\USERS\SIMO\DESKTOP\LAYOUT_PLUS_LIB\SHEET23.LLB
Wed May 13 00:32:53 Loaded file C:\USERS\SIMO\DESKTOP\LAYOUT_PLUS_LIB\SHEET24.LLB
Wed May 13 00:32:53 Loaded file C:\USERS\SIMO\DESKTOP\LAYOUT_PLUS_LIB\SHEET25.LLB
Wed May 13 00:32:53 Loaded file C:\USERS\SIMO\DESKTOP\LAYOUT_PLUS_LIB\SHEET26.LLB
Wed May 13 00:32:53 Loaded file C:\USERS\SIMO\DESKTOP\LAYOUT_PLUS_LIB\SHEET27.LLB
Wed May 13 00:32:53 Loaded file C:\USERS\SIMO\DESKTOP\LAYOUT_PLUS_LIB\SHEET28.LLB
Wed May 13 00:32:53 Loaded file C:\USERS\SIMO\DESKTOP\LAYOUT_PLUS_LIB\SHEET29.LLB
Wed May 13 00:32:53 Loaded file C:\USERS\SIMO\DESKTOP\LAYOUT_PLUS_LIB\SHEET30.LLB
Wed May 13 00:32:53 Loaded file C:\USERS\SIMO\DESKTOP\LAYOUT_PLUS_LIB\SHEET31.LLB
Wed May 13 00:32:53 Loaded file C:\USERS\SIMO\DESKTOP\LAYOUT_PLUS_LIB\SHEET32.LLB
Wed May 13 00:32:53 Loaded file C:\USERS\SIMO\DESKTOP\LAYOUT_PLUS_LIB\SHEET33.LLB
Wed May 13 00:32:53 Loaded file C:\USERS\SIMO\DESKTOP\LAYOUT_PLUS_LIB\SHEET34.LLB
Wed May 13 00:32:53 Loaded file C:\USERS\SIMO\DESKTOP\LAYOUT_PLUS_LIB\SMD.LLB
Wed May 13 00:32:53 Loaded file C:\USERS\SIMO\DESKTOP\LAYOUT_PLUS_LIB\SWITCH.LLB
Wed May 13 00:32:53 Loaded file C:\USERS\SIMO\DESKTOP\LAYOUT_PLUS_LIB\TONEW.LLB
Wed May 13 00:32:53 Loaded file C:\USERS\SIMO\DESKTOP\LAYOUT_PLUS_LIB\TRANSFORMER.LLB
Wed May 13 00:32:53 Loaded file C:\USERS\SIMO\DESKTOP\LAYOUT_PLUS_LIB\TRIMMER.LLB
Wed May 13 00:32:53 Loaded file C:\ORCAD\ORCAD_10.5\TOOLS\LAYOUT_PLUS\LIBRARY\EMPTY.LLB
Wed May 13 00:32:53 Loaded file C:\ORCAD\ORCAD_10.5\TOOLS\LAYOUT_PLUS\LIBRARY\EX_GUI.LLB
Wed May 13 00:32:53 Loaded file C:\ORCAD\ORCAD_10.5\TOOLS\LAYOUT_PLUS\LIBRARY\METRIC.LLB
Wed May 13 00:32:53 Loaded file C:\ORCAD\ORCAD_10.5\TOOLS\LAYOUT_PLUS\LIBRARY\PADSTACK.LLB
Wed May 13 00:32:53 Loaded file C:\OrCAD\OrCAD_10.5\tools\Layout_Plus\library\BCON100T.llb
Wed May 13 00:32:53 Loaded file C:\OrCAD\OrCAD_10.5\tools\Layout_Plus\library\BCON156T.llb
Wed May 13 00:32:53 Loaded file C:\OrCAD\OrCAD_10.5\tools\Layout_Plus\library\BGA.llb
Wed May 13 00:32:53 Loaded file C:\OrCAD\OrCAD_10.5\tools\Layout_Plus\library\CLCC.llb
Wed May 13 00:32:53 Loaded file C:\OrCAD\OrCAD_10.5\tools\Layout_Plus\library\DCON050T.llb
Wed May 13 00:32:53 Loaded file C:\OrCAD\OrCAD_10.5\tools\Layout_Plus\library\DCON085T.llb
Wed May 13 00:32:53 Loaded file C:\OrCAD\OrCAD_10.5\tools\Layout_Plus\library\DIMM050F.llb
Wed May 13 00:32:53 Loaded file C:\OrCAD\OrCAD_10.5\tools\Layout_Plus\library\DIMM050T.llb
Wed May 13 00:32:53 Loaded file C:\OrCAD\OrCAD_10.5\tools\Layout_Plus\library\DIN.llb
Wed May 13 00:32:53 Loaded file C:\OrCAD\OrCAD_10.5\tools\Layout_Plus\library\DIP100B.llb
Wed May 13 00:32:53 Loaded file C:\OrCAD\OrCAD_10.5\tools\Layout_Plus\library\DIP100T.llb
Wed May 13 00:32:53 Loaded file C:\OrCAD\OrCAD_10.5\tools\Layout_Plus\library\DSUBT.llb
Wed May 13 00:32:53 Loaded file C:\OrCAD\OrCAD_10.5\tools\Layout_Plus\library\DSUBT_HD.LLB
Wed May 13 00:32:53 Loaded file C:\OrCAD\OrCAD_10.5\tools\Layout_Plus\library\ECON100T.llb
Wed May 13 00:32:53 Loaded file C:\OrCAD\OrCAD_10.5\tools\Layout_Plus\library\FBUS.llb
Wed May 13 00:32:53 Loaded file C:\OrCAD\OrCAD_10.5\tools\Layout_Plus\library\ISA.llb
Wed May 13 00:32:53 Loaded file C:\OrCAD\OrCAD_10.5\tools\Layout_Plus\library\JUMPER.LLB
Wed May 13 00:32:53 Loaded file C:\OrCAD\OrCAD_10.5\tools\Layout_Plus\library\LAYOUT.llb
Wed May 13 00:32:53 Loaded file C:\OrCAD\OrCAD_10.5\tools\Layout_Plus\library\LCON100T.llb
Wed May 13 00:32:53 Loaded file C:\OrCAD\OrCAD_10.5\tools\Layout_Plus\library\PC104.llb
Wed May 13 00:32:53 Loaded file C:\OrCAD\OrCAD_10.5\tools\Layout_Plus\library\PCI.llb
Wed May 13 00:32:53 Loaded file C:\OrCAD\OrCAD_10.5\tools\Layout_Plus\library\PCON100T.llb
Wed May 13 00:32:53 Loaded file C:\OrCAD\OrCAD_10.5\tools\Layout_Plus\library\PCON156T.llb
Wed May 13 00:32:53 Loaded file C:\OrCAD\OrCAD_10.5\tools\Layout_Plus\library\PGA.llb
Wed May 13 00:32:53 Loaded file C:\OrCAD\OrCAD_10.5\tools\Layout_Plus\library\PLCC.llb
Wed May 13 00:32:53 Loaded file C:\OrCAD\OrCAD_10.5\tools\Layout_Plus\library\QUAD.llb
Wed May 13 00:32:53 Loaded file C:\OrCAD\OrCAD_10.5\tools\Layout_Plus\library\QUADB.llb
Wed May 13 00:32:54 Loaded file C:\OrCAD\OrCAD_10.5\tools\Layout_Plus\library\RELAY.llb
Wed May 13 00:32:54 Loaded file C:\OrCAD\OrCAD_10.5\tools\Layout_Plus\library\RF.llb
Wed May 13 00:32:54 Loaded file C:\OrCAD\OrCAD_10.5\tools\Layout_Plus\library\SBUS.llb
Wed May 13 00:32:54 Loaded file C:\OrCAD\OrCAD_10.5\tools\Layout_Plus\library\SIMM050F.llb
Wed May 13 00:32:54 Loaded file C:\OrCAD\OrCAD_10.5\tools\Layout_Plus\library\SIMM050T.llb
Wed May 13 00:32:54 Loaded file C:\OrCAD\OrCAD_10.5\tools\Layout_Plus\library\SIMM100F.llb
Wed May 13 00:32:54 Loaded file C:\OrCAD\OrCAD_10.5\tools\Layout_Plus\library\SIMM100T.llb
Wed May 13 00:32:54 Loaded file C:\OrCAD\OrCAD_10.5\tools\Layout_Plus\library\SIP.llb
Wed May 13 00:32:54 Loaded file C:\OrCAD\OrCAD_10.5\tools\Layout_Plus\library\SM.llb
Wed May 13 00:32:54 Loaded file C:\OrCAD\OrCAD_10.5\tools\Layout_Plus\library\SOG.llb
Wed May 13 00:32:54 Loaded file C:\OrCAD\OrCAD_10.5\tools\Layout_Plus\library\SOJ.llb
Wed May 13 00:32:54 Loaded file C:\OrCAD\OrCAD_10.5\tools\Layout_Plus\library\STIFF.llb
Wed May 13 00:32:54 Loaded file C:\OrCAD\OrCAD_10.5\tools\Layout_Plus\library\TELE.llb
Wed May 13 00:32:54 Loaded file C:\OrCAD\OrCAD_10.5\tools\Layout_Plus\library\TM_AXIAL.llb
Wed May 13 00:32:54 Loaded file C:\OrCAD\OrCAD_10.5\tools\Layout_Plus\library\TM_CAP_P.llb
Wed May 13 00:32:54 Loaded file C:\OrCAD\OrCAD_10.5\tools\Layout_Plus\library\TM_CYLND.llb
Wed May 13 00:32:54 Loaded file C:\OrCAD\OrCAD_10.5\tools\Layout_Plus\library\TM_DIODE.llb
Wed May 13 00:32:54 Loaded file C:\OrCAD\OrCAD_10.5\tools\Layout_Plus\library\TM_DISC.llb
Wed May 13 00:32:54 Loaded file C:\OrCAD\OrCAD_10.5\tools\Layout_Plus\library\TM_RAD.llb
Wed May 13 00:32:54 Loaded file C:\OrCAD\OrCAD_10.5\tools\Layout_Plus\library\TO.llb
Wed May 13 00:32:54 Loaded file C:\OrCAD\OrCAD_10.5\tools\Layout_Plus\library\TRAINING.LLB
Wed May 13 00:32:54 Loaded file C:\OrCAD\OrCAD_10.5\tools\Layout_Plus\library\VRES.llb
Wed May 13 00:32:54 Loaded file C:\OrCAD\OrCAD_10.5\tools\Layout_Plus\library\WCON100T.llb
Wed May 13 00:32:54 Loaded file C:\OrCAD\OrCAD_10.5\tools\Layout_Plus\library\XT.llb
Wed May 13 00:32:54 Loaded file C:\OrCAD\OrCAD_10.5\tools\Layout_Plus\library\ZIGZAG.llb
Wed May 13 00:32:54 Loaded file C:\USERS\SIMO\DESKTOP\DRON\DRON.LLB
Wed May 13 00:32:58 Loaded file C:\USERS\SIMO\DESKTOP\DRON\DRON.LLB
Wed May 13 00:32:58 Loaded file C:\USERS\SIMO\DESKTOP\DRON\DRON.LLB
Wed May 13 00:32:58 Library file not found:USER.PRT
Wed May 13 00:32:58 Library file not found:USER.PRT
Wed May 13 00:32:58 Library file not found:USER.PRT
Wed May 13 00:32:58 Library file not found:USER.PRT
Wed May 13 00:32:58 Loaded file C:\ORCAD\ORCAD_10.5\TOOLS\LAYOUT_PLUS\DATA\_DEFAULT.TCH
Wed May 13 00:32:58 Saved as file C:\ORCAD\ORCAD_10.5\TOOLS\LAYOUT_PLUS\DATA\_DEFAULT.TCH
Wed May 13 00:38:40 Saved as file ~undo.max
Wed May 13 00:38:49 Saved as file ~undo.max
Wed May 13 00:39:00 Saved as file ~undo.max
Wed May 13 00:39:06 Saved as file ~undo.max
Wed May 13 00:39:15 Saved as file ~undo.max
Wed May 13 00:39:18 Saved as file ~undo.max
Wed May 13 00:39:20 Saved as file ~undo.max
Wed May 13 00:40:06 Saved as file ~undo.max
Wed May 13 00:40:13 Saved as file ~undo.max
Wed May 13 00:40:18 Saved as file ~undo.max
Wed May 13 00:40:20 Saved as file ~undo.max
Wed May 13 00:40:25 Saved as file ~undo.max
Wed May 13 00:40:30 Saved as file ~undo.max
Wed May 13 00:40:32 Saved as file ~undo.max
Wed May 13 00:40:36 Saved as file ~undo.max
Wed May 13 00:40:39 Saved as file ~undo.max
Wed May 13 00:40:41 Saved as file ~undo.max
Wed May 13 00:40:43 Saved as file ~undo.max
Wed May 13 00:40:48 Saved as file ~undo.max
Wed May 13 00:40:54 Saved as file ~undo.max
Wed May 13 00:40:59 Saved as file ~undo.max
Wed May 13 00:41:03 Saved as file ~undo.max
Wed May 13 00:41:51 Saved as file BACKUP1.MAX
Wed May 13 00:41:51 Routed 3 connections in 0 seconds.
Wed May 13 00:41:51 Total is now 3 out of 20 (15%).
Wed May 13 00:41:51 Saved as file SWEEP1.MAX
Wed May 13 00:41:51 Saved as file BACKUP1.MAX
Wed May 13 00:41:51 Routed 17 connections in 0 seconds.
Wed May 13 00:41:51 Total is now 20 out of 20 (100%).
Wed May 13 00:41:51 Saved as file SWEEP2.MAX
Wed May 13 00:41:51 No new connections routed.
Wed May 13 00:41:51 Total is now 20 out of 20 (100%).
Wed May 13 00:41:51 Saved as file SWEEP3.MAX
Wed May 13 00:41:51 No new connections routed.
Wed May 13 00:41:51 Total is now 20 out of 20 (100%).
Wed May 13 00:41:51 Saved as file SWEEP4.MAX
Wed May 13 00:41:51 No new connections routed.
Wed May 13 00:41:51 Total is now 20 out of 20 (100%).
Wed May 13 00:41:51 Saved as file SWEEP5.MAX
Wed May 13 00:43:07 Saved as file ~undo.max
Wed May 13 00:43:09 Saved as file ~undo.max
Wed May 13 00:43:52 Saved as file ~undo.max
Wed May 13 00:44:35 Saved as file ~undo.max
Wed May 13 00:46:31 Saved as file C:\USERS\SIMO\DESKTOP\DRON2\DRONE2-1.MAX
Wed May 13 00:46:31 Saved as file C:\USERS\SIMO\DESKTOP\DRON2\DRONE2-1.MAX
Wed May 13 00:46:40 Saved as file BACKUP1.MAX
Wed May 13 00:46:40 Routed 3 connections in 0 seconds.
Wed May 13 00:46:40 Total is now 3 out of 20 (15%).
Wed May 13 00:46:40 Saved as file SWEEP1.MAX
Wed May 13 00:46:40 Saved as file BACKUP1.MAX
Wed May 13 00:46:40 Routed 17 connections in 0 seconds.
Wed May 13 00:46:40 Total is now 20 out of 20 (100%).
Wed May 13 00:46:40 Saved as file SWEEP2.MAX
Wed May 13 00:46:40 No new connections routed.
Wed May 13 00:46:40 Total is now 20 out of 20 (100%).
Wed May 13 00:46:40 Saved as file SWEEP3.MAX
Wed May 13 00:46:40 No new connections routed.
Wed May 13 00:46:40 Total is now 20 out of 20 (100%).
Wed May 13 00:46:40 Saved as file SWEEP4.MAX
Wed May 13 00:46:41 No new connections routed.
Wed May 13 00:46:41 Total is now 20 out of 20 (100%).
Wed May 13 00:46:41 Saved as file SWEEP5.MAX
Wed May 13 00:47:19 Saved as file BACKUP1.MAX
Wed May 13 00:47:19 No new connections routed.
Wed May 13 00:47:19 Total is now 0 out of 20 (0%).
Wed May 13 00:47:19 Saved as file SWEEP1.MAX
Wed May 13 00:47:19 Saved as file BACKUP1.MAX
Wed May 13 00:47:19 Routed 20 connections in 0 seconds.
Wed May 13 00:47:19 Total is now 20 out of 20 (100%).
Wed May 13 00:47:19 Saved as file SWEEP2.MAX
Wed May 13 00:47:20 No new connections routed.
Wed May 13 00:47:20 Total is now 20 out of 20 (100%).
Wed May 13 00:47:20 Saved as file SWEEP3.MAX
Wed May 13 00:47:20 No new connections routed.
Wed May 13 00:47:20 Total is now 20 out of 20 (100%).
Wed May 13 00:47:20 Saved as file SWEEP4.MAX
Wed May 13 00:47:20 No new connections routed.
Wed May 13 00:47:20 Total is now 20 out of 20 (100%).
Wed May 13 00:47:20 Saved as file SWEEP5.MAX
Wed May 13 00:48:23 Saved as file C:\USERS\SIMO\DESKTOP\DRON2\DRONE2-1.MAX
Wed May 13 00:48:24 Saved as file C:\USERS\SIMO\DESKTOP\DRON2\DRONE2-1.MAX
Wed May 13 00:48:24 Saved as file C:\USERS\SIMO\DESKTOP\DRON2\DRONE2-1.MAX
Wed May 13 00:48:24 Saved as file C:\USERS\SIMO\DESKTOP\DRON2\DRONE2-1.MAX
Wed May 13 00:48:24 Saved as file C:\USERS\SIMO\DESKTOP\DRON2\DRONE2-1.MAX
Wed May 13 00:48:25 Saved as file C:\USERS\SIMO\DESKTOP\DRON2\DRONE2-1.MAX
Wed May 13 00:48:25 Saved as file C:\USERS\SIMO\DESKTOP\DRON2\DRONE2-1.MAX
Wed May 13 00:48:25 Saved as file C:\USERS\SIMO\DESKTOP\DRON2\DRONE2-1.MAX
Wed May 13 00:48:25 Saved as file C:\USERS\SIMO\DESKTOP\DRON2\DRONE2-1.MAX
Wed May 13 00:48:25 Saved as file C:\USERS\SIMO\DESKTOP\DRON2\DRONE2-1.MAX
Wed May 13 00:48:26 Saved as file C:\USERS\SIMO\DESKTOP\DRON2\DRONE2-1.MAX
Wed May 13 00:48:26 Saved as file C:\USERS\SIMO\DESKTOP\DRON2\DRONE2-1.MAX
Wed May 13 00:48:26 Saved as file C:\USERS\SIMO\DESKTOP\DRON2\DRONE2-1.MAX
Wed May 13 00:48:26 Saved as file C:\USERS\SIMO\DESKTOP\DRON2\DRONE2-1.MAX
Wed May 13 00:48:27 Saved as file C:\USERS\SIMO\DESKTOP\DRON2\DRONE2-1.MAX
Wed May 13 00:48:27 Saved as file C:\USERS\SIMO\DESKTOP\DRON2\DRONE2-1.MAX
Wed May 13 00:48:39 Error code 5200.306
Wed May 13 00:48:39 Saved as file Backup0.max
Wed May 13 00:48:39 Windows which were open at time of error:
Wed May 13 00:48:39 	ActiveWindow: Library Manager
Wed May 13 00:48:39 End-of-list
Wed May 13 00:48:39 Loaded file BACKUP0.MAX
